# JRE version: OpenJDK Runtime Environment (17.0.9) (build 17.0.9+0--11185874)
# Java VM: OpenJDK 64-Bit Server VM (17.0.9+0--11185874, mixed mode, tiered, compressed oops, compressed class ptrs, g1 gc, windows-amd64)
GC Precious Log:
 CPUs: 8 total, 8 available
 Memory: 7882M
 Large Page Support: Disabled
 NUMA Support: Disabled
 Compressed Oops: Enabled (32-bit)
 Heap Region Size: 1M
 Heap Min Capacity: 8M
 Heap Initial Capacity: 124M
 Heap Max Capacity: 2G
 Pre-touch: Disabled
 Parallel Workers: 8
 Concurrent Workers: 2
 Concurrent Refinement Workers: 8
 Periodic GC: Disabled
Heap:
 garbage-first heap   total 285696K, used 138693K [0x0000000080000000, 0x0000000100000000)
  region size 1024K, 5 young (5120K), 5 survivors (5120K)
 Metaspace       used 106997K, committed 107840K, reserved 1179648K
  class space    used 14185K, committed 14592K, reserved 1048576K
GC Heap History (20 events):
Event: 25.899 GC heap after
{Heap after GC invocations=46 (full 0):
 garbage-first heap   total 183296K, used 104438K [0x0000000080000000, 0x0000000100000000)
  region size 1024K, 5 young (5120K), 5 survivors (5120K)
 Metaspace       used 103219K, committed 103936K, reserved 1179648K
  class space    used 13796K, committed 14144K, reserved 1048576K
}
Event: 55.526 GC heap before
{Heap before GC invocations=46 (full 0):
 garbage-first heap   total 183296K, used 150518K [0x0000000080000000, 0x0000000100000000)
  region size 1024K, 51 young (52224K), 5 survivors (5120K)
 Metaspace       used 105302K, committed 106112K, reserved 1179648K
  class space    used 14071K, committed 14464K, reserved 1048576K
}
Event: 55.534 GC heap after
{Heap after GC invocations=47 (full 0):
 garbage-first heap   total 183296K, used 109537K [0x0000000080000000, 0x0000000100000000)
  region size 1024K, 6 young (6144K), 6 survivors (6144K)
 Metaspace       used 105302K, committed 106112K, reserved 1179648K
  class space    used 14071K, committed 14464K, reserved 1048576K
}
Event: 55.920 GC heap before
{Heap before GC invocations=48 (full 0):
 garbage-first heap   total 188416K, used 152545K [0x0000000080000000, 0x0000000100000000)
  region size 1024K, 46 young (47104K), 6 survivors (6144K)
 Metaspace       used 106006K, committed 106816K, reserved 1179648K
  class space    used 14151K, committed 14528K, reserved 1048576K
}
Event: 55.930 GC heap after
{Heap after GC invocations=49 (full 0):
 garbage-first heap   total 188416K, used 118017K [0x0000000080000000, 0x0000000100000000)
  region size 1024K, 6 young (6144K), 6 survivors (6144K)
 Metaspace       used 106006K, committed 106816K, reserved 1179648K
  class space    used 14151K, committed 14528K, reserved 1048576K
}
Event: 55.938 GC heap before
{Heap before GC invocations=49 (full 0):
 garbage-first heap   total 188416K, used 122113K [0x0000000080000000, 0x0000000100000000)
  region size 1024K, 9 young (9216K), 6 survivors (6144K)
 Metaspace       used 106006K, committed 106816K, reserved 1179648K
  class space    used 14151K, committed 14528K, reserved 1048576K
}
Event: 55.944 GC heap after
{Heap after GC invocations=50 (full 0):
 garbage-first heap   total 226304K, used 118305K [0x0000000080000000, 0x0000000100000000)
  region size 1024K, 2 young (2048K), 2 survivors (2048K)
 Metaspace       used 106006K, committed 106816K, reserved 1179648K
  class space    used 14151K, committed 14528K, reserved 1048576K
}
Event: 56.011 GC heap before
{Heap before GC invocations=50 (full 0):
 garbage-first heap   total 226304K, used 129569K [0x0000000080000000, 0x0000000100000000)
  region size 1024K, 14 young (14336K), 2 survivors (2048K)
 Metaspace       used 106010K, committed 106880K, reserved 1179648K
  class space    used 14151K, committed 14528K, reserved 1048576K
}
Event: 56.016 GC heap after
{Heap after GC invocations=51 (full 0):
 garbage-first heap   total 226304K, used 118021K [0x0000000080000000, 0x0000000100000000)
  region size 1024K, 5 young (5120K), 5 survivors (5120K)
 Metaspace       used 106010K, committed 106880K, reserved 1179648K
  class space    used 14151K, committed 14528K, reserved 1048576K
}
Event: 56.336 GC heap before
{Heap before GC invocations=52 (full 0):
 garbage-first heap   total 235520K, used 187653K [0x0000000080000000, 0x0000000100000000)
  region size 1024K, 61 young (62464K), 5 survivors (5120K)
 Metaspace       used 106109K, committed 106944K, reserved 1179648K
  class space    used 14151K, committed 14528K, reserved 1048576K
}
Event: 56.350 GC heap after
{Heap after GC invocations=53 (full 0):
 garbage-first heap   total 235520K, used 139951K [0x0000000080000000, 0x0000000100000000)
  region size 1024K, 8 young (8192K), 8 survivors (8192K)
 Metaspace       used 106109K, committed 106944K, reserved 1179648K
  class space    used 14151K, committed 14528K, reserved 1048576K
}
Event: 56.379 GC heap before
{Heap before GC invocations=53 (full 0):
 garbage-first heap   total 235520K, used 143023K [0x0000000080000000, 0x0000000100000000)
  region size 1024K, 11 young (11264K), 8 survivors (8192K)
 Metaspace       used 106139K, committed 107008K, reserved 1179648K
  class space    used 14151K, committed 14528K, reserved 1048576K
}
Event: 56.387 GC heap after
{Heap after GC invocations=54 (full 0):
 garbage-first heap   total 235520K, used 133340K [0x0000000080000000, 0x0000000100000000)
  region size 1024K, 1 young (1024K), 1 survivors (1024K)
 Metaspace       used 106139K, committed 107008K, reserved 1179648K
  class space    used 14151K, committed 14528K, reserved 1048576K
}
Event: 56.396 GC heap before
{Heap before GC invocations=54 (full 0):
 garbage-first heap   total 235520K, used 135388K [0x0000000080000000, 0x0000000100000000)
  region size 1024K, 4 young (4096K), 1 survivors (1024K)
 Metaspace       used 106139K, committed 107008K, reserved 1179648K
  class space    used 14151K, committed 14528K, reserved 1048576K
}
Event: 56.399 GC heap after
{Heap after GC invocations=55 (full 0):
 garbage-first heap   total 235520K, used 133917K [0x0000000080000000, 0x0000000100000000)
  region size 1024K, 2 young (2048K), 2 survivors (2048K)
 Metaspace       used 106139K, committed 107008K, reserved 1179648K
  class space    used 14151K, committed 14528K, reserved 1048576K
}
Event: 175.140 GC heap before
{Heap before GC invocations=56 (full 0):
 garbage-first heap   total 285696K, used 183069K [0x0000000080000000, 0x0000000100000000)
  region size 1024K, 49 young (50176K), 2 survivors (2048K)
 Metaspace       used 106332K, committed 107136K, reserved 1179648K
  class space    used 14159K, committed 14528K, reserved 1048576K
}
Event: 175.145 GC heap after
{Heap after GC invocations=57 (full 0):
 garbage-first heap   total 285696K, used 136524K [0x0000000080000000, 0x0000000100000000)
  region size 1024K, 5 young (5120K), 5 survivors (5120K)
 Metaspace       used 106332K, committed 107136K, reserved 1179648K
  class space    used 14159K, committed 14528K, reserved 1048576K
}
Event: 175.289 GC heap before
{Heap before GC invocations=57 (full 0):
 garbage-first heap   total 285696K, used 143692K [0x0000000080000000, 0x0000000100000000)
  region size 1024K, 13 young (13312K), 5 survivors (5120K)
 Metaspace       used 106545K, committed 107456K, reserved 1179648K
  class space    used 14176K, committed 14592K, reserved 1048576K
}
Event: 175.295 GC heap after
{Heap after GC invocations=58 (full 0):
 garbage-first heap   total 285696K, used 135645K [0x0000000080000000, 0x0000000100000000)
  region size 1024K, 2 young (2048K), 2 survivors (2048K)
 Metaspace       used 106545K, committed 107456K, reserved 1179648K
  class space    used 14176K, committed 14592K, reserved 1048576K
}
Event: 175.908 GC heap before
{Heap before GC invocations=58 (full 0):
 garbage-first heap   total 285696K, used 165341K [0x0000000080000000, 0x0000000100000000)
  region size 1024K, 32 young (32768K), 2 survivors (2048K)
 Metaspace       used 106997K, committed 107840K, reserved 1179648K
  class space    used 14185K, committed 14592K, reserved 1048576K
}

