# JRE version: OpenJDK Runtime Environment (17.0.9) (build 17.0.9+0--11185874)
# Java VM: OpenJDK 64-Bit Server VM (17.0.9+0--11185874, mixed mode, tiered, compressed oops, compressed class ptrs, g1 gc, windows-amd64)
GC Precious Log:
 CPUs: 8 total, 8 available
 Memory: 7882M
 Large Page Support: Disabled
 NUMA Support: Disabled
 Compressed Oops: Enabled (32-bit)
 Heap Region Size: 1M
 Heap Min Capacity: 8M
 Heap Initial Capacity: 124M
 Heap Max Capacity: 2G
 Pre-touch: Disabled
 Parallel Workers: 8
 Concurrent Workers: 2
 Concurrent Refinement Workers: 8
 Periodic GC: Disabled
Heap:
 garbage-first heap   total 221184K, used 118653K [0x0000000080000000, 0x0000000100000000)
  region size 1024K, 4 young (4096K), 4 survivors (4096K)
 Metaspace       used 100427K, committed 101184K, reserved 1179648K
  class space    used 13664K, committed 14016K, reserved 1048576K
GC Heap History (20 events):
Event: 6.849 GC heap after
{Heap after GC invocations=24 (full 0):
 garbage-first heap   total 201728K, used 73807K [0x0000000080000000, 0x0000000100000000)
  region size 1024K, 14 young (14336K), 14 survivors (14336K)
 Metaspace       used 62216K, committed 62912K, reserved 1114112K
  class space    used 8470K, committed 8768K, reserved 1048576K
}
Event: 6.859 GC heap before
{Heap before GC invocations=24 (full 0):
 garbage-first heap   total 201728K, used 74831K [0x0000000080000000, 0x0000000100000000)
  region size 1024K, 15 young (15360K), 14 survivors (14336K)
 Metaspace       used 62273K, committed 62912K, reserved 1114112K
  class space    used 8476K, committed 8768K, reserved 1048576K
}
Event: 6.867 GC heap after
{Heap after GC invocations=25 (full 0):
 garbage-first heap   total 201728K, used 74978K [0x0000000080000000, 0x0000000100000000)
  region size 1024K, 2 young (2048K), 2 survivors (2048K)
 Metaspace       used 62273K, committed 62912K, reserved 1114112K
  class space    used 8476K, committed 8768K, reserved 1048576K
}
Event: 7.665 GC heap before
{Heap before GC invocations=25 (full 0):
 garbage-first heap   total 201728K, used 145634K [0x0000000080000000, 0x0000000100000000)
  region size 1024K, 71 young (72704K), 2 survivors (2048K)
 Metaspace       used 70058K, committed 70784K, reserved 1114112K
  class space    used 9470K, committed 9792K, reserved 1048576K
}
Event: 7.670 GC heap after
{Heap after GC invocations=26 (full 0):
 garbage-first heap   total 201728K, used 77027K [0x0000000080000000, 0x0000000100000000)
  region size 1024K, 4 young (4096K), 4 survivors (4096K)
 Metaspace       used 70058K, committed 70784K, reserved 1114112K
  class space    used 9470K, committed 9792K, reserved 1048576K
}
Event: 8.438 GC heap before
{Heap before GC invocations=26 (full 0):
 garbage-first heap   total 201728K, used 158947K [0x0000000080000000, 0x0000000100000000)
  region size 1024K, 77 young (78848K), 4 survivors (4096K)
 Metaspace       used 74607K, committed 75264K, reserved 1114112K
  class space    used 10046K, committed 10304K, reserved 1048576K
}
Event: 8.445 GC heap after
{Heap after GC invocations=27 (full 0):
 garbage-first heap   total 201728K, used 82787K [0x0000000080000000, 0x0000000100000000)
  region size 1024K, 9 young (9216K), 9 survivors (9216K)
 Metaspace       used 74607K, committed 75264K, reserved 1114112K
  class space    used 10046K, committed 10304K, reserved 1048576K
}
Event: 9.214 GC heap before
{Heap before GC invocations=27 (full 0):
 garbage-first heap   total 201728K, used 155491K [0x0000000080000000, 0x0000000100000000)
  region size 1024K, 80 young (81920K), 9 survivors (9216K)
 Metaspace       used 80139K, committed 80832K, reserved 1179648K
  class space    used 10872K, committed 11200K, reserved 1048576K
}
Event: 9.224 GC heap after
{Heap after GC invocations=28 (full 0):
 garbage-first heap   total 201728K, used 86596K [0x0000000080000000, 0x0000000100000000)
  region size 1024K, 5 young (5120K), 5 survivors (5120K)
 Metaspace       used 80139K, committed 80832K, reserved 1179648K
  class space    used 10872K, committed 11200K, reserved 1048576K
}
Event: 9.956 GC heap before
{Heap before GC invocations=28 (full 0):
 garbage-first heap   total 201728K, used 158276K [0x0000000080000000, 0x0000000100000000)
  region size 1024K, 75 young (76800K), 5 survivors (5120K)
 Metaspace       used 83985K, committed 84672K, reserved 1179648K
  class space    used 11484K, committed 11776K, reserved 1048576K
}
Event: 9.968 GC heap after
{Heap after GC invocations=29 (full 0):
 garbage-first heap   total 201728K, used 89561K [0x0000000080000000, 0x0000000100000000)
  region size 1024K, 8 young (8192K), 8 survivors (8192K)
 Metaspace       used 83985K, committed 84672K, reserved 1179648K
  class space    used 11484K, committed 11776K, reserved 1048576K
}
Event: 10.739 GC heap before
{Heap before GC invocations=29 (full 0):
 garbage-first heap   total 201728K, used 160217K [0x0000000080000000, 0x0000000100000000)
  region size 1024K, 78 young (79872K), 8 survivors (8192K)
 Metaspace       used 89812K, committed 90560K, reserved 1179648K
  class space    used 12280K, committed 12608K, reserved 1048576K
}
Event: 10.752 GC heap after
{Heap after GC invocations=30 (full 0):
 garbage-first heap   total 201728K, used 96202K [0x0000000080000000, 0x0000000100000000)
  region size 1024K, 10 young (10240K), 10 survivors (10240K)
 Metaspace       used 89812K, committed 90560K, reserved 1179648K
  class space    used 12280K, committed 12608K, reserved 1048576K
}
Event: 10.760 GC heap before
{Heap before GC invocations=30 (full 0):
 garbage-first heap   total 201728K, used 98250K [0x0000000080000000, 0x0000000100000000)
  region size 1024K, 11 young (11264K), 10 survivors (10240K)
 Metaspace       used 89861K, committed 90560K, reserved 1179648K
  class space    used 12286K, committed 12608K, reserved 1048576K
}
Event: 10.766 GC heap after
{Heap after GC invocations=31 (full 0):
 garbage-first heap   total 201728K, used 99183K [0x0000000080000000, 0x0000000100000000)
  region size 1024K, 2 young (2048K), 2 survivors (2048K)
 Metaspace       used 89861K, committed 90560K, reserved 1179648K
  class space    used 12286K, committed 12608K, reserved 1048576K
}
Event: 20.541 GC heap before
{Heap before GC invocations=32 (full 0):
 garbage-first heap   total 201728K, used 165743K [0x0000000080000000, 0x0000000100000000)
  region size 1024K, 59 young (60416K), 2 survivors (2048K)
 Metaspace       used 98615K, committed 99392K, reserved 1179648K
  class space    used 13468K, committed 13824K, reserved 1048576K
}
Event: 20.553 GC heap after
{Heap after GC invocations=33 (full 0):
 garbage-first heap   total 201728K, used 115747K [0x0000000080000000, 0x0000000100000000)
  region size 1024K, 8 young (8192K), 8 survivors (8192K)
 Metaspace       used 98615K, committed 99392K, reserved 1179648K
  class space    used 13468K, committed 13824K, reserved 1048576K
}
Event: 20.910 GC heap before
{Heap before GC invocations=33 (full 0):
 garbage-first heap   total 201728K, used 116771K [0x0000000080000000, 0x0000000100000000)
  region size 1024K, 9 young (9216K), 8 survivors (8192K)
 Metaspace       used 98666K, committed 99456K, reserved 1179648K
  class space    used 13470K, committed 13824K, reserved 1048576K
}
Event: 20.917 GC heap after
{Heap after GC invocations=34 (full 0):
 garbage-first heap   total 201728K, used 116008K [0x0000000080000000, 0x0000000100000000)
  region size 1024K, 1 young (1024K), 1 survivors (1024K)
 Metaspace       used 98666K, committed 99456K, reserved 1179648K
  class space    used 13470K, committed 13824K, reserved 1048576K
}
Event: 32.099 GC heap before
{Heap before GC invocations=34 (full 0):
 garbage-first heap   total 201728K, used 159016K [0x0000000080000000, 0x0000000100000000)
  region size 1024K, 45 young (46080K), 1 survivors (1024K)
 Metaspace       used 100427K, committed 101184K, reserved 1179648K
  class space    used 13664K, committed 14016K, reserved 1048576K
}

