# JRE version: OpenJDK Runtime Environment (17.0.9) (build 17.0.9+0--11185874)
# Java VM: OpenJDK 64-Bit Server VM (17.0.9+0--11185874, mixed mode, tiered, compressed oops, compressed class ptrs, g1 gc, windows-amd64)
GC Precious Log:
 CPUs: 8 total, 8 available
 Memory: 7882M
 Large Page Support: Disabled
 NUMA Support: Disabled
 Compressed Oops: Enabled (32-bit)
 Heap Region Size: 1M
 Heap Min Capacity: 8M
 Heap Initial Capacity: 124M
 Heap Max Capacity: 2G
 Pre-touch: Disabled
 Parallel Workers: 8
 Concurrent Workers: 2
 Concurrent Refinement Workers: 8
 Periodic GC: Disabled
Heap:
 garbage-first heap   total 228352K, used 131207K [0x0000000080000000, 0x0000000100000000)
  region size 1024K, 2 young (2048K), 2 survivors (2048K)
 Metaspace       used 121245K, committed 122304K, reserved 1179648K
  class space    used 15925K, committed 16448K, reserved 1048576K
GC Heap History (20 events):
Event: 142.784 GC heap after
{Heap after GC invocations=33 (full 0):
 garbage-first heap   total 228352K, used 111849K [0x0000000080000000, 0x0000000100000000)
  region size 1024K, 1 young (1024K), 1 survivors (1024K)
 Metaspace       used 101714K, committed 102528K, reserved 1179648K
  class space    used 13517K, committed 13888K, reserved 1048576K
}
Event: 199.534 GC heap before
{Heap before GC invocations=33 (full 0):
 garbage-first heap   total 228352K, used 186601K [0x0000000080000000, 0x0000000100000000)
  region size 1024K, 75 young (76800K), 1 survivors (1024K)
 Metaspace       used 102202K, committed 103104K, reserved 1179648K
  class space    used 13534K, committed 13952K, reserved 1048576K
}
Event: 199.543 GC heap after
{Heap after GC invocations=34 (full 0):
 garbage-first heap   total 228352K, used 119082K [0x0000000080000000, 0x0000000100000000)
  region size 1024K, 8 young (8192K), 8 survivors (8192K)
 Metaspace       used 102202K, committed 103104K, reserved 1179648K
  class space    used 13534K, committed 13952K, reserved 1048576K
}
Event: 296.588 GC heap before
{Heap before GC invocations=35 (full 0):
 garbage-first heap   total 228352K, used 186666K [0x0000000080000000, 0x0000000100000000)
  region size 1024K, 75 young (76800K), 8 survivors (8192K)
 Metaspace       used 103927K, committed 104896K, reserved 1179648K
  class space    used 13834K, committed 14272K, reserved 1048576K
}
Event: 296.595 GC heap after
{Heap after GC invocations=36 (full 0):
 garbage-first heap   total 228352K, used 116640K [0x0000000080000000, 0x0000000100000000)
  region size 1024K, 3 young (3072K), 3 survivors (3072K)
 Metaspace       used 103927K, committed 104896K, reserved 1179648K
  class space    used 13834K, committed 14272K, reserved 1048576K
}
Event: 296.737 GC heap before
{Heap before GC invocations=36 (full 0):
 garbage-first heap   total 228352K, used 123808K [0x0000000080000000, 0x0000000100000000)
  region size 1024K, 11 young (11264K), 3 survivors (3072K)
 Metaspace       used 105085K, committed 106048K, reserved 1179648K
  class space    used 14025K, committed 14464K, reserved 1048576K
}
Event: 296.742 GC heap after
{Heap after GC invocations=37 (full 0):
 garbage-first heap   total 228352K, used 116400K [0x0000000080000000, 0x0000000100000000)
  region size 1024K, 1 young (1024K), 1 survivors (1024K)
 Metaspace       used 105085K, committed 106048K, reserved 1179648K
  class space    used 14025K, committed 14464K, reserved 1048576K
}
Event: 299.563 GC heap before
{Heap before GC invocations=37 (full 0):
 garbage-first heap   total 228352K, used 188080K [0x0000000080000000, 0x0000000100000000)
  region size 1024K, 72 young (73728K), 1 survivors (1024K)
 Metaspace       used 114223K, committed 115264K, reserved 1179648K
  class space    used 15145K, committed 15616K, reserved 1048576K
}
Event: 299.573 GC heap after
{Heap after GC invocations=38 (full 0):
 garbage-first heap   total 228352K, used 122825K [0x0000000080000000, 0x0000000100000000)
  region size 1024K, 8 young (8192K), 8 survivors (8192K)
 Metaspace       used 114223K, committed 115264K, reserved 1179648K
  class space    used 15145K, committed 15616K, reserved 1048576K
}
Event: 303.991 GC heap before
{Heap before GC invocations=39 (full 0):
 garbage-first heap   total 228352K, used 189385K [0x0000000080000000, 0x0000000100000000)
  region size 1024K, 72 young (73728K), 8 survivors (8192K)
 Metaspace       used 114762K, committed 115712K, reserved 1179648K
  class space    used 15162K, committed 15616K, reserved 1048576K
}
Event: 304.002 GC heap after
{Heap after GC invocations=40 (full 0):
 garbage-first heap   total 228352K, used 128536K [0x0000000080000000, 0x0000000100000000)
  region size 1024K, 4 young (4096K), 4 survivors (4096K)
 Metaspace       used 114762K, committed 115712K, reserved 1179648K
  class space    used 15162K, committed 15616K, reserved 1048576K
}
Event: 304.118 GC heap before
{Heap before GC invocations=40 (full 0):
 garbage-first heap   total 228352K, used 135704K [0x0000000080000000, 0x0000000100000000)
  region size 1024K, 11 young (11264K), 4 survivors (4096K)
 Metaspace       used 114999K, committed 115968K, reserved 1179648K
  class space    used 15192K, committed 15616K, reserved 1048576K
}
Event: 304.121 GC heap after
{Heap after GC invocations=41 (full 0):
 garbage-first heap   total 228352K, used 128752K [0x0000000080000000, 0x0000000100000000)
  region size 1024K, 2 young (2048K), 2 survivors (2048K)
 Metaspace       used 114999K, committed 115968K, reserved 1179648K
  class space    used 15192K, committed 15616K, reserved 1048576K
}
Event: 304.141 GC heap before
{Heap before GC invocations=41 (full 0):
 garbage-first heap   total 228352K, used 129776K [0x0000000080000000, 0x0000000100000000)
  region size 1024K, 4 young (4096K), 2 survivors (2048K)
 Metaspace       used 115026K, committed 115968K, reserved 1179648K
  class space    used 15195K, committed 15616K, reserved 1048576K
}
Event: 304.143 GC heap after
{Heap after GC invocations=42 (full 0):
 garbage-first heap   total 228352K, used 128287K [0x0000000080000000, 0x0000000100000000)
  region size 1024K, 2 young (2048K), 2 survivors (2048K)
 Metaspace       used 115026K, committed 115968K, reserved 1179648K
  class space    used 15195K, committed 15616K, reserved 1048576K
}
Event: 304.785 GC heap before
{Heap before GC invocations=43 (full 0):
 garbage-first heap   total 228352K, used 181535K [0x0000000080000000, 0x0000000100000000)
  region size 1024K, 54 young (55296K), 2 survivors (2048K)
 Metaspace       used 120010K, committed 120960K, reserved 1179648K
  class space    used 15766K, committed 16192K, reserved 1048576K
}
Event: 304.789 GC heap after
{Heap after GC invocations=44 (full 0):
 garbage-first heap   total 228352K, used 131707K [0x0000000080000000, 0x0000000100000000)
  region size 1024K, 4 young (4096K), 4 survivors (4096K)
 Metaspace       used 120010K, committed 120960K, reserved 1179648K
  class space    used 15766K, committed 16192K, reserved 1048576K
}
Event: 304.866 GC heap before
{Heap before GC invocations=44 (full 0):
 garbage-first heap   total 228352K, used 137851K [0x0000000080000000, 0x0000000100000000)
  region size 1024K, 11 young (11264K), 4 survivors (4096K)
 Metaspace       used 120670K, committed 121664K, reserved 1179648K
  class space    used 15844K, committed 16320K, reserved 1048576K
}
Event: 304.871 GC heap after
{Heap after GC invocations=45 (full 0):
 garbage-first heap   total 228352K, used 129918K [0x0000000080000000, 0x0000000100000000)
  region size 1024K, 1 young (1024K), 1 survivors (1024K)
 Metaspace       used 120670K, committed 121664K, reserved 1179648K
  class space    used 15844K, committed 16320K, reserved 1048576K
}
Event: 304.959 GC heap before
{Heap before GC invocations=45 (full 0):
 garbage-first heap   total 228352K, used 139134K [0x0000000080000000, 0x0000000100000000)
  region size 1024K, 11 young (11264K), 1 survivors (1024K)
 Metaspace       used 121245K, committed 122304K, reserved 1179648K
  class space    used 15925K, committed 16448K, reserved 1048576K
}

